This is pdfTeX, Version 3.14159265-2.6-1.40.19 (TeX Live 2018/Arch Linux) (preloaded format=pdflatex 2018.10.26)  30 OCT 2018 21:41
entering extended mode
 restricted \write18 enabled.
 %&-line parsing enabled.
**hw6.tex
(./hw6.tex
LaTeX2e <2018-04-01> patch level 5
(/usr/share/texmf-dist/tex/latex/base/article.cls
Document Class: article 2014/09/29 v1.4h Standard LaTeX document class
(/usr/share/texmf-dist/tex/latex/base/size10.clo
File: size10.clo 2014/09/29 v1.4h Standard LaTeX file (size option)
)
\c@part=\count80
\c@section=\count81
\c@subsection=\count82
\c@subsubsection=\count83
\c@paragraph=\count84
\c@subparagraph=\count85
\c@figure=\count86
\c@table=\count87
\abovecaptionskip=\skip41
\belowcaptionskip=\skip42
\bibindent=\dimen102
)
(/usr/share/texmf-dist/tex/latex/geometry/geometry.sty
Package: geometry 2018/04/16 v5.8 Page Geometry

(/usr/share/texmf-dist/tex/latex/graphics/keyval.sty
Package: keyval 2014/10/28 v1.15 key=value parser (DPC)
\KV@toks@=\toks14
)
(/usr/share/texmf-dist/tex/generic/oberdiek/ifpdf.sty
Package: ifpdf 2017/03/15 v3.2 Provides the ifpdf switch
)
(/usr/share/texmf-dist/tex/generic/oberdiek/ifvtex.sty
Package: ifvtex 2016/05/16 v1.6 Detect VTeX and its facilities (HO)
Package ifvtex Info: VTeX not detected.
)
(/usr/share/texmf-dist/tex/generic/ifxetex/ifxetex.sty
Package: ifxetex 2010/09/12 v0.6 Provides ifxetex conditional
)
\Gm@cnth=\count88
\Gm@cntv=\count89
\c@Gm@tempcnt=\count90
\Gm@bindingoffset=\dimen103
\Gm@wd@mp=\dimen104
\Gm@odd@mp=\dimen105
\Gm@even@mp=\dimen106
\Gm@layoutwidth=\dimen107
\Gm@layoutheight=\dimen108
\Gm@layouthoffset=\dimen109
\Gm@layoutvoffset=\dimen110
\Gm@dimlist=\toks15
)
(/usr/share/texmf-dist/tex/latex/graphics/graphicx.sty
Package: graphicx 2017/06/01 v1.1a Enhanced LaTeX Graphics (DPC,SPQR)

(/usr/share/texmf-dist/tex/latex/graphics/graphics.sty
Package: graphics 2017/06/25 v1.2c Standard LaTeX Graphics (DPC,SPQR)

(/usr/share/texmf-dist/tex/latex/graphics/trig.sty
Package: trig 2016/01/03 v1.10 sin cos tan (DPC)
)
(/usr/share/texmf-dist/tex/latex/graphics-cfg/graphics.cfg
File: graphics.cfg 2016/06/04 v1.11 sample graphics configuration
)
Package graphics Info: Driver file: pdftex.def on input line 99.

(/usr/share/texmf-dist/tex/latex/graphics-def/pdftex.def
File: pdftex.def 2018/01/08 v1.0l Graphics/color driver for pdftex
))
\Gin@req@height=\dimen111
\Gin@req@width=\dimen112
)
(/usr/share/texmf-dist/tex/latex/amsmath/amsmath.sty
Package: amsmath 2017/09/02 v2.17a AMS math features
\@mathmargin=\skip43

For additional information on amsmath, use the `?' option.
(/usr/share/texmf-dist/tex/latex/amsmath/amstext.sty
Package: amstext 2000/06/29 v2.01 AMS text

(/usr/share/texmf-dist/tex/latex/amsmath/amsgen.sty
File: amsgen.sty 1999/11/30 v2.0 generic functions
\@emptytoks=\toks16
\ex@=\dimen113
))
(/usr/share/texmf-dist/tex/latex/amsmath/amsbsy.sty
Package: amsbsy 1999/11/29 v1.2d Bold Symbols
\pmbraise@=\dimen114
)
(/usr/share/texmf-dist/tex/latex/amsmath/amsopn.sty
Package: amsopn 2016/03/08 v2.02 operator names
)
\inf@bad=\count91
LaTeX Info: Redefining \frac on input line 213.
\uproot@=\count92
\leftroot@=\count93
LaTeX Info: Redefining \overline on input line 375.
\classnum@=\count94
\DOTSCASE@=\count95
LaTeX Info: Redefining \ldots on input line 472.
LaTeX Info: Redefining \dots on input line 475.
LaTeX Info: Redefining \cdots on input line 596.
\Mathstrutbox@=\box26
\strutbox@=\box27
\big@size=\dimen115
LaTeX Font Info:    Redeclaring font encoding OML on input line 712.
LaTeX Font Info:    Redeclaring font encoding OMS on input line 713.
\macc@depth=\count96
\c@MaxMatrixCols=\count97
\dotsspace@=\muskip10
\c@parentequation=\count98
\dspbrk@lvl=\count99
\tag@help=\toks17
\row@=\count100
\column@=\count101
\maxfields@=\count102
\andhelp@=\toks18
\eqnshift@=\dimen116
\alignsep@=\dimen117
\tagshift@=\dimen118
\tagwidth@=\dimen119
\totwidth@=\dimen120
\lineht@=\dimen121
\@envbody=\toks19
\multlinegap=\skip44
\multlinetaggap=\skip45
\mathdisplay@stack=\toks20
LaTeX Info: Redefining \[ on input line 2817.
LaTeX Info: Redefining \] on input line 2818.
)
(/usr/share/texmf-dist/tex/latex/float/float.sty
Package: float 2001/11/08 v1.3d Float enhancements (AL)
\c@float@type=\count103
\float@exts=\toks21
\float@box=\box28
\@float@everytoks=\toks22
\@floatcapt=\box29
)
(/usr/share/texmf-dist/tex/latex/enumitem/enumitem.sty
Package: enumitem 2011/09/28 v3.5.2 Customized lists
\labelindent=\skip46
\enit@outerparindent=\dimen122
\enit@toks=\toks23
\enit@inbox=\box30
\enitdp@description=\count104
) (./hw6.aux)
\openout1 = `hw6.aux'.

LaTeX Font Info:    Checking defaults for OML/cmm/m/it on input line 13.
LaTeX Font Info:    ... okay on input line 13.
LaTeX Font Info:    Checking defaults for T1/cmr/m/n on input line 13.
LaTeX Font Info:    ... okay on input line 13.
LaTeX Font Info:    Checking defaults for OT1/cmr/m/n on input line 13.
LaTeX Font Info:    ... okay on input line 13.
LaTeX Font Info:    Checking defaults for OMS/cmsy/m/n on input line 13.
LaTeX Font Info:    ... okay on input line 13.
LaTeX Font Info:    Checking defaults for OMX/cmex/m/n on input line 13.
LaTeX Font Info:    ... okay on input line 13.
LaTeX Font Info:    Checking defaults for U/cmr/m/n on input line 13.
LaTeX Font Info:    ... okay on input line 13.

*geometry* driver: auto-detecting
*geometry* detected driver: pdftex
*geometry* verbose mode - [ preamble ] result:
* driver: pdftex
* paper: <default>
* layout: <same size as paper>
* layoutoffset:(h,v)=(0.0pt,0.0pt)
* modes: 
* h-part:(L,W,R)=(72.26999pt, 469.75502pt, 72.26999pt)
* v-part:(T,H,B)=(72.26999pt, 650.43001pt, 72.26999pt)
* \paperwidth=614.295pt
* \paperheight=794.96999pt
* \textwidth=469.75502pt
* \textheight=650.43001pt
* \oddsidemargin=0.0pt
* \evensidemargin=0.0pt
* \topmargin=-37.0pt
* \headheight=12.0pt
* \headsep=25.0pt
* \topskip=10.0pt
* \footskip=30.0pt
* \marginparwidth=65.0pt
* \marginparsep=11.0pt
* \columnsep=10.0pt
* \skip\footins=9.0pt plus 4.0pt minus 2.0pt
* \hoffset=0.0pt
* \voffset=0.0pt
* \mag=1000
* \@twocolumnfalse
* \@twosidefalse
* \@mparswitchfalse
* \@reversemarginfalse
* (1in=72.27pt=25.4mm, 1cm=28.453pt)

(/usr/share/texmf-dist/tex/context/base/mkii/supp-pdf.mkii
[Loading MPS to PDF converter (version 2006.09.02).]
\scratchcounter=\count105
\scratchdimen=\dimen123
\scratchbox=\box31
\nofMPsegments=\count106
\nofMParguments=\count107
\everyMPshowfont=\toks24
\MPscratchCnt=\count108
\MPscratchDim=\dimen124
\MPnumerator=\count109
\makeMPintoPDFobject=\count110
\everyMPtoPDFconversion=\toks25
) (/usr/share/texmf-dist/tex/latex/oberdiek/epstopdf-base.sty
Package: epstopdf-base 2016/05/15 v2.6 Base part for package epstopdf

(/usr/share/texmf-dist/tex/generic/oberdiek/infwarerr.sty
Package: infwarerr 2016/05/16 v1.4 Providing info/warning/error messages (HO)
)
(/usr/share/texmf-dist/tex/latex/oberdiek/grfext.sty
Package: grfext 2016/05/16 v1.2 Manage graphics extensions (HO)

(/usr/share/texmf-dist/tex/generic/oberdiek/kvdefinekeys.sty
Package: kvdefinekeys 2016/05/16 v1.4 Define keys (HO)

(/usr/share/texmf-dist/tex/generic/oberdiek/ltxcmds.sty
Package: ltxcmds 2016/05/16 v1.23 LaTeX kernel commands for general use (HO)
)))
(/usr/share/texmf-dist/tex/latex/oberdiek/kvoptions.sty
Package: kvoptions 2016/05/16 v3.12 Key value format for package options (HO)

(/usr/share/texmf-dist/tex/generic/oberdiek/kvsetkeys.sty
Package: kvsetkeys 2016/05/16 v1.17 Key value parser (HO)

(/usr/share/texmf-dist/tex/generic/oberdiek/etexcmds.sty
Package: etexcmds 2016/05/16 v1.6 Avoid name clashes with e-TeX commands (HO)

(/usr/share/texmf-dist/tex/generic/oberdiek/ifluatex.sty
Package: ifluatex 2016/05/16 v1.4 Provides the ifluatex switch (HO)
Package ifluatex Info: LuaTeX not detected.
)
Package etexcmds Info: Could not find \expanded.
(etexcmds)             That can mean that you are not using pdfTeX 1.50 or
(etexcmds)             that some package has redefined \expanded.
(etexcmds)             In the latter case, load this package earlier.
)))
(/usr/share/texmf-dist/tex/generic/oberdiek/pdftexcmds.sty
Package: pdftexcmds 2018/01/30 v0.27 Utility functions of pdfTeX for LuaTeX (HO
)
Package pdftexcmds Info: LuaTeX not detected.
Package pdftexcmds Info: \pdf@primitive is available.
Package pdftexcmds Info: \pdf@ifprimitive is available.
Package pdftexcmds Info: \pdfdraftmode found.
)
Package epstopdf-base Info: Redefining graphics rule for `.eps' on input line 4
38.
Package grfext Info: Graphics extension search list:
(grfext)             [.pdf,.png,.jpg,.mps,.jpeg,.jbig2,.jb2,.PDF,.PNG,.JPG,.JPE
G,.JBIG2,.JB2,.eps]
(grfext)             \AppendGraphicsExtensions on input line 456.

(/usr/share/texmf-dist/tex/latex/latexconfig/epstopdf-sys.cfg
File: epstopdf-sys.cfg 2010/07/13 v1.3 Configuration of (r)epstopdf for TeX Liv
e
))
<figs/mql-pgm.jpg, id=1, 4175.6pt x 2348.775pt>
File: figs/mql-pgm.jpg Graphic file (type jpg)
<use figs/mql-pgm.jpg>
Package pdftex.def Info: figs/mql-pgm.jpg  used on input line 48.
(pdftex.def)             Requested size: 341.43306pt x 192.02736pt.
 [1

{/var/lib/texmf/fonts/map/pdftex/updmap/pdftex.map} <./figs/mql-pgm.jpg>]
<figs/mql-1.png, id=12, 925.056pt x 346.896pt>
File: figs/mql-1.png Graphic file (type png)
<use figs/mql-1.png>
Package pdftex.def Info: figs/mql-1.png  used on input line 69.
(pdftex.def)             Requested size: 341.43306pt x 128.0372pt.
<figs/mql-2.png, id=14, 925.056pt x 346.896pt>
File: figs/mql-2.png Graphic file (type png)
<use figs/mql-2.png>
Package pdftex.def Info: figs/mql-2.png  used on input line 74.
(pdftex.def)             Requested size: 341.43306pt x 128.0372pt.
<figs/mql-3.png, id=15, 925.056pt x 346.896pt>
File: figs/mql-3.png Graphic file (type png)
<use figs/mql-3.png>
Package pdftex.def Info: figs/mql-3.png  used on input line 79.
(pdftex.def)             Requested size: 341.43306pt x 128.0372pt.
<figs/mql-4.png, id=16, 925.056pt x 346.896pt>
File: figs/mql-4.png Graphic file (type png)
<use figs/mql-4.png>
Package pdftex.def Info: figs/mql-4.png  used on input line 84.
(pdftex.def)             Requested size: 341.43306pt x 128.0372pt.
<figs/mql-5.png, id=17, 925.056pt x 346.896pt>
File: figs/mql-5.png Graphic file (type png)
<use figs/mql-5.png>
Package pdftex.def Info: figs/mql-5.png  used on input line 89.
(pdftex.def)             Requested size: 341.43306pt x 128.0372pt.
<figs/mql-6.png, id=18, 925.056pt x 346.896pt>
File: figs/mql-6.png Graphic file (type png)
<use figs/mql-6.png>
Package pdftex.def Info: figs/mql-6.png  used on input line 94.
(pdftex.def)             Requested size: 341.43306pt x 128.0372pt.
<figs/mql-7.png, id=19, 925.056pt x 346.896pt>
File: figs/mql-7.png Graphic file (type png)
<use figs/mql-7.png>
Package pdftex.def Info: figs/mql-7.png  used on input line 99.
(pdftex.def)             Requested size: 341.43306pt x 128.0372pt.
<figs/mql-8.png, id=20, 925.056pt x 346.896pt>
File: figs/mql-8.png Graphic file (type png)
<use figs/mql-8.png>
Package pdftex.def Info: figs/mql-8.png  used on input line 104.
(pdftex.def)             Requested size: 341.43306pt x 128.0372pt.
<figs/mql-9.png, id=21, 925.056pt x 346.896pt>
File: figs/mql-9.png Graphic file (type png)
<use figs/mql-9.png>
Package pdftex.def Info: figs/mql-9.png  used on input line 109.
(pdftex.def)             Requested size: 341.43306pt x 128.0372pt.
<figs/mql-10.png, id=22, 925.056pt x 346.896pt>
File: figs/mql-10.png Graphic file (type png)
<use figs/mql-10.png>
Package pdftex.def Info: figs/mql-10.png  used on input line 114.
(pdftex.def)             Requested size: 341.43306pt x 128.0372pt.

Underfull \hbox (badness 10000) in paragraph at lines 118--141

 []


Underfull \hbox (badness 10000) in paragraph at lines 118--141

 []


Underfull \hbox (badness 10000) in paragraph at lines 118--141

 []


Underfull \hbox (badness 10000) in paragraph at lines 118--141

 []


Underfull \hbox (badness 10000) in paragraph at lines 118--141

 []


Underfull \hbox (badness 10000) in paragraph at lines 118--141

 []


Underfull \hbox (badness 10000) in paragraph at lines 118--141

 []


Underfull \hbox (badness 10000) in paragraph at lines 118--141

 []


Underfull \hbox (badness 10000) in paragraph at lines 118--141

 []


Underfull \hbox (badness 10000) in paragraph at lines 118--141

 []


Underfull \hbox (badness 10000) in paragraph at lines 118--141

 []


Underfull \hbox (badness 10000) in paragraph at lines 118--141

 []


Underfull \hbox (badness 10000) in paragraph at lines 118--141

 []


Underfull \hbox (badness 10000) in paragraph at lines 118--141

 []


Underfull \hbox (badness 10000) in paragraph at lines 118--141

 []


Underfull \hbox (badness 10000) in paragraph at lines 118--141

 []


Underfull \hbox (badness 10000) in paragraph at lines 118--141

 []


Underfull \hbox (badness 10000) in paragraph at lines 118--141

 []


Underfull \hbox (badness 10000) in paragraph at lines 118--141

 []


Underfull \hbox (badness 10000) in paragraph at lines 118--141

 []


Underfull \hbox (badness 10000) in paragraph at lines 118--141

 []


Underfull \hbox (badness 10000) in paragraph at lines 118--141

 []


Underfull \hbox (badness 10000) in paragraph at lines 118--141

 []

[2 <./figs/mql-1.png> <./figs/mql-2.png> <./figs/mql-3.png>] [3 <./figs/mql-4.p
ng> <./figs/mql-5.png> <./figs/mql-6.png>] [4 <./figs/mql-7.png> <./figs/mql-8.
png> <./figs/mql-9.png>] [5 <./figs/mql-10.png>] (./hw6.aux) ) 
Here is how much of TeX's memory you used:
 2928 strings out of 492642
 40368 string characters out of 6135565
 118736 words of memory out of 5000000
 6771 multiletter control sequences out of 15000+600000
 9318 words of font info for 34 fonts, out of 8000000 for 9000
 1141 hyphenation exceptions out of 8191
 41i,6n,32p,270b,233s stack positions out of 5000i,500n,10000p,200000b,80000s
</usr/share/texmf
-dist/fonts/type1/public/amsfonts/cm/cmbx12.pfb></usr/share/texmf-dist/fonts/ty
pe1/public/amsfonts/cm/cmmi9.pfb></usr/share/texmf-dist/fonts/type1/public/amsf
onts/cm/cmr10.pfb></usr/share/texmf-dist/fonts/type1/public/amsfonts/cm/cmr12.p
fb></usr/share/texmf-dist/fonts/type1/public/amsfonts/cm/cmr17.pfb></usr/share/
texmf-dist/fonts/type1/public/amsfonts/cm/cmr9.pfb></usr/share/texmf-dist/fonts
/type1/public/amsfonts/cm/cmsy9.pfb>
Output written on hw6.pdf (5 pages, 2511506 bytes).
PDF statistics:
 70 PDF objects out of 1000 (max. 8388607)
 34 compressed objects within 1 object stream
 0 named destinations out of 1000 (max. 500000)
 56 words of extra memory for PDF output out of 10000 (max. 10000000)

